CRITICAL - 2024-07-09 14:11:13 --> RuntimeException: View themes, no current section.
[Method: GET, Route: /]
in SYSTEMPATH\View\View.php on line 440.
 1 APPPATH\Views\partials\footer.php(16): CodeIgniter\View\View->endSection('content')
 2 SYSTEMPATH\View\View.php(234): include('C:\\xampp\\htdocs\\zero\\app\\Views\\partials\\footer.php')
 3 SYSTEMPATH\View\View.php(237): CodeIgniter\View\View->CodeIgniter\View\{closure}()
 4 SYSTEMPATH\View\View.php(484): CodeIgniter\View\View->render('partials/footer', null, true)
 5 APPPATH\Views\master.php(29): CodeIgniter\View\View->include('partials/footer')
 6 SYSTEMPATH\View\View.php(234): include('C:\\xampp\\htdocs\\zero\\app\\Views\\master.php')
 7 SYSTEMPATH\View\View.php(237): CodeIgniter\View\View->CodeIgniter\View\{closure}()
 8 SYSTEMPATH\View\View.php(250): CodeIgniter\View\View->render('master', [], true)
 9 SYSTEMPATH\Common.php(1171): CodeIgniter\View\View->render('pagina_inicial', [], true)
10 APPPATH\Controllers\Home.php(9): view('pagina_inicial')
11 SYSTEMPATH\CodeIgniter.php(933): App\Controllers\Home->index()
12 SYSTEMPATH\CodeIgniter.php(509): CodeIgniter\CodeIgniter->runController(Object(App\Controllers\Home))
13 SYSTEMPATH\CodeIgniter.php(355): CodeIgniter\CodeIgniter->handleRequest(null, Object(Config\Cache), false)
14 SYSTEMPATH\Boot.php(312): CodeIgniter\CodeIgniter->run()
15 SYSTEMPATH\Boot.php(67): CodeIgniter\Boot::runCodeIgniter(Object(CodeIgniter\CodeIgniter))
16 FCPATH\index.php(56): CodeIgniter\Boot::bootWeb(Object(Config\Paths))
CRITICAL - 2024-07-09 14:11:14 --> RuntimeException: View themes, no current section.
[Method: GET, Route: /]
in SYSTEMPATH\View\View.php on line 440.
 1 APPPATH\Views\partials\footer.php(16): CodeIgniter\View\View->endSection('content')
 2 SYSTEMPATH\View\View.php(234): include('C:\\xampp\\htdocs\\zero\\app\\Views\\partials\\footer.php')
 3 SYSTEMPATH\View\View.php(237): CodeIgniter\View\View->CodeIgniter\View\{closure}()
 4 SYSTEMPATH\View\View.php(484): CodeIgniter\View\View->render('partials/footer', null, true)
 5 APPPATH\Views\master.php(29): CodeIgniter\View\View->include('partials/footer')
 6 SYSTEMPATH\View\View.php(234): include('C:\\xampp\\htdocs\\zero\\app\\Views\\master.php')
 7 SYSTEMPATH\View\View.php(237): CodeIgniter\View\View->CodeIgniter\View\{closure}()
 8 SYSTEMPATH\View\View.php(250): CodeIgniter\View\View->render('master', [], true)
 9 SYSTEMPATH\Common.php(1171): CodeIgniter\View\View->render('pagina_inicial', [], true)
10 APPPATH\Controllers\Home.php(9): view('pagina_inicial')
11 SYSTEMPATH\CodeIgniter.php(933): App\Controllers\Home->index()
12 SYSTEMPATH\CodeIgniter.php(509): CodeIgniter\CodeIgniter->runController(Object(App\Controllers\Home))
13 SYSTEMPATH\CodeIgniter.php(355): CodeIgniter\CodeIgniter->handleRequest(null, Object(Config\Cache), false)
14 SYSTEMPATH\Boot.php(312): CodeIgniter\CodeIgniter->run()
15 SYSTEMPATH\Boot.php(67): CodeIgniter\Boot::runCodeIgniter(Object(CodeIgniter\CodeIgniter))
16 FCPATH\index.php(56): CodeIgniter\Boot::bootWeb(Object(Config\Paths))
CRITICAL - 2024-07-09 14:11:21 --> RuntimeException: View themes, no current section.
[Method: GET, Route: /]
in SYSTEMPATH\View\View.php on line 440.
 1 APPPATH\Views\partials\footer.php(16): CodeIgniter\View\View->endSection('content')
 2 SYSTEMPATH\View\View.php(234): include('C:\\xampp\\htdocs\\zero\\app\\Views\\partials\\footer.php')
 3 SYSTEMPATH\View\View.php(237): CodeIgniter\View\View->CodeIgniter\View\{closure}()
 4 SYSTEMPATH\View\View.php(484): CodeIgniter\View\View->render('partials/footer', null, true)
 5 APPPATH\Views\master.php(29): CodeIgniter\View\View->include('partials/footer')
 6 SYSTEMPATH\View\View.php(234): include('C:\\xampp\\htdocs\\zero\\app\\Views\\master.php')
 7 SYSTEMPATH\View\View.php(237): CodeIgniter\View\View->CodeIgniter\View\{closure}()
 8 SYSTEMPATH\View\View.php(250): CodeIgniter\View\View->render('master', [], true)
 9 SYSTEMPATH\Common.php(1171): CodeIgniter\View\View->render('pagina_inicial', [], true)
10 APPPATH\Controllers\Home.php(9): view('pagina_inicial')
11 SYSTEMPATH\CodeIgniter.php(933): App\Controllers\Home->index()
12 SYSTEMPATH\CodeIgniter.php(509): CodeIgniter\CodeIgniter->runController(Object(App\Controllers\Home))
13 SYSTEMPATH\CodeIgniter.php(355): CodeIgniter\CodeIgniter->handleRequest(null, Object(Config\Cache), false)
14 SYSTEMPATH\Boot.php(312): CodeIgniter\CodeIgniter->run()
15 SYSTEMPATH\Boot.php(67): CodeIgniter\Boot::runCodeIgniter(Object(CodeIgniter\CodeIgniter))
16 FCPATH\index.php(56): CodeIgniter\Boot::bootWeb(Object(Config\Paths))
CRITICAL - 2024-07-09 14:11:26 --> RuntimeException: View themes, no current section.
[Method: GET, Route: /]
in SYSTEMPATH\View\View.php on line 440.
 1 APPPATH\Views\partials\footer.php(16): CodeIgniter\View\View->endSection('content')
 2 SYSTEMPATH\View\View.php(234): include('C:\\xampp\\htdocs\\zero\\app\\Views\\partials\\footer.php')
 3 SYSTEMPATH\View\View.php(237): CodeIgniter\View\View->CodeIgniter\View\{closure}()
 4 SYSTEMPATH\View\View.php(484): CodeIgniter\View\View->render('partials/footer', null, true)
 5 APPPATH\Views\master.php(29): CodeIgniter\View\View->include('partials/footer')
 6 SYSTEMPATH\View\View.php(234): include('C:\\xampp\\htdocs\\zero\\app\\Views\\master.php')
 7 SYSTEMPATH\View\View.php(237): CodeIgniter\View\View->CodeIgniter\View\{closure}()
 8 SYSTEMPATH\View\View.php(250): CodeIgniter\View\View->render('master', [], true)
 9 SYSTEMPATH\Common.php(1171): CodeIgniter\View\View->render('pagina_inicial', [], true)
10 APPPATH\Controllers\Home.php(9): view('pagina_inicial')
11 SYSTEMPATH\CodeIgniter.php(933): App\Controllers\Home->index()
12 SYSTEMPATH\CodeIgniter.php(509): CodeIgniter\CodeIgniter->runController(Object(App\Controllers\Home))
13 SYSTEMPATH\CodeIgniter.php(355): CodeIgniter\CodeIgniter->handleRequest(null, Object(Config\Cache), false)
14 SYSTEMPATH\Boot.php(312): CodeIgniter\CodeIgniter->run()
15 SYSTEMPATH\Boot.php(67): CodeIgniter\Boot::runCodeIgniter(Object(CodeIgniter\CodeIgniter))
16 FCPATH\index.php(56): CodeIgniter\Boot::bootWeb(Object(Config\Paths))
CRITICAL - 2024-07-09 14:11:30 --> RuntimeException: View themes, no current section.
[Method: GET, Route: /]
in SYSTEMPATH\View\View.php on line 440.
 1 APPPATH\Views\partials\footer.php(16): CodeIgniter\View\View->endSection('content')
 2 SYSTEMPATH\View\View.php(234): include('C:\\xampp\\htdocs\\zero\\app\\Views\\partials\\footer.php')
 3 SYSTEMPATH\View\View.php(237): CodeIgniter\View\View->CodeIgniter\View\{closure}()
 4 SYSTEMPATH\View\View.php(484): CodeIgniter\View\View->render('partials/footer', null, true)
 5 APPPATH\Views\master.php(29): CodeIgniter\View\View->include('partials/footer')
 6 SYSTEMPATH\View\View.php(234): include('C:\\xampp\\htdocs\\zero\\app\\Views\\master.php')
 7 SYSTEMPATH\View\View.php(237): CodeIgniter\View\View->CodeIgniter\View\{closure}()
 8 SYSTEMPATH\View\View.php(250): CodeIgniter\View\View->render('master', [], true)
 9 SYSTEMPATH\Common.php(1171): CodeIgniter\View\View->render('pagina_inicial', [], true)
10 APPPATH\Controllers\Home.php(9): view('pagina_inicial')
11 SYSTEMPATH\CodeIgniter.php(933): App\Controllers\Home->index()
12 SYSTEMPATH\CodeIgniter.php(509): CodeIgniter\CodeIgniter->runController(Object(App\Controllers\Home))
13 SYSTEMPATH\CodeIgniter.php(355): CodeIgniter\CodeIgniter->handleRequest(null, Object(Config\Cache), false)
14 SYSTEMPATH\Boot.php(312): CodeIgniter\CodeIgniter->run()
15 SYSTEMPATH\Boot.php(67): CodeIgniter\Boot::runCodeIgniter(Object(CodeIgniter\CodeIgniter))
16 FCPATH\index.php(56): CodeIgniter\Boot::bootWeb(Object(Config\Paths))
CRITICAL - 2024-07-09 14:12:53 --> RuntimeException: View themes, no current section.
[Method: GET, Route: /]
in SYSTEMPATH\View\View.php on line 440.
 1 APPPATH\Views\partials\footer.php(16): CodeIgniter\View\View->endSection('content')
 2 SYSTEMPATH\View\View.php(234): include('C:\\xampp\\htdocs\\zero\\app\\Views\\partials\\footer.php')
 3 SYSTEMPATH\View\View.php(237): CodeIgniter\View\View->CodeIgniter\View\{closure}()
 4 SYSTEMPATH\View\View.php(484): CodeIgniter\View\View->render('partials/footer', null, true)
 5 APPPATH\Views\master.php(29): CodeIgniter\View\View->include('partials/footer')
 6 SYSTEMPATH\View\View.php(234): include('C:\\xampp\\htdocs\\zero\\app\\Views\\master.php')
 7 SYSTEMPATH\View\View.php(237): CodeIgniter\View\View->CodeIgniter\View\{closure}()
 8 SYSTEMPATH\View\View.php(250): CodeIgniter\View\View->render('master', [], true)
 9 SYSTEMPATH\Common.php(1171): CodeIgniter\View\View->render('pagina_inicial', [], true)
10 APPPATH\Controllers\Home.php(9): view('pagina_inicial')
11 SYSTEMPATH\CodeIgniter.php(933): App\Controllers\Home->index()
12 SYSTEMPATH\CodeIgniter.php(509): CodeIgniter\CodeIgniter->runController(Object(App\Controllers\Home))
13 SYSTEMPATH\CodeIgniter.php(355): CodeIgniter\CodeIgniter->handleRequest(null, Object(Config\Cache), false)
14 SYSTEMPATH\Boot.php(312): CodeIgniter\CodeIgniter->run()
15 SYSTEMPATH\Boot.php(67): CodeIgniter\Boot::runCodeIgniter(Object(CodeIgniter\CodeIgniter))
16 FCPATH\index.php(56): CodeIgniter\Boot::bootWeb(Object(Config\Paths))
CRITICAL - 2024-07-09 14:12:54 --> RuntimeException: View themes, no current section.
[Method: GET, Route: /]
in SYSTEMPATH\View\View.php on line 440.
 1 APPPATH\Views\partials\footer.php(16): CodeIgniter\View\View->endSection('content')
 2 SYSTEMPATH\View\View.php(234): include('C:\\xampp\\htdocs\\zero\\app\\Views\\partials\\footer.php')
 3 SYSTEMPATH\View\View.php(237): CodeIgniter\View\View->CodeIgniter\View\{closure}()
 4 SYSTEMPATH\View\View.php(484): CodeIgniter\View\View->render('partials/footer', null, true)
 5 APPPATH\Views\master.php(29): CodeIgniter\View\View->include('partials/footer')
 6 SYSTEMPATH\View\View.php(234): include('C:\\xampp\\htdocs\\zero\\app\\Views\\master.php')
 7 SYSTEMPATH\View\View.php(237): CodeIgniter\View\View->CodeIgniter\View\{closure}()
 8 SYSTEMPATH\View\View.php(250): CodeIgniter\View\View->render('master', [], true)
 9 SYSTEMPATH\Common.php(1171): CodeIgniter\View\View->render('pagina_inicial', [], true)
10 APPPATH\Controllers\Home.php(9): view('pagina_inicial')
11 SYSTEMPATH\CodeIgniter.php(933): App\Controllers\Home->index()
12 SYSTEMPATH\CodeIgniter.php(509): CodeIgniter\CodeIgniter->runController(Object(App\Controllers\Home))
13 SYSTEMPATH\CodeIgniter.php(355): CodeIgniter\CodeIgniter->handleRequest(null, Object(Config\Cache), false)
14 SYSTEMPATH\Boot.php(312): CodeIgniter\CodeIgniter->run()
15 SYSTEMPATH\Boot.php(67): CodeIgniter\Boot::runCodeIgniter(Object(CodeIgniter\CodeIgniter))
16 FCPATH\index.php(56): CodeIgniter\Boot::bootWeb(Object(Config\Paths))
CRITICAL - 2024-07-09 14:12:54 --> RuntimeException: View themes, no current section.
[Method: GET, Route: /]
in SYSTEMPATH\View\View.php on line 440.
 1 APPPATH\Views\partials\footer.php(16): CodeIgniter\View\View->endSection('content')
 2 SYSTEMPATH\View\View.php(234): include('C:\\xampp\\htdocs\\zero\\app\\Views\\partials\\footer.php')
 3 SYSTEMPATH\View\View.php(237): CodeIgniter\View\View->CodeIgniter\View\{closure}()
 4 SYSTEMPATH\View\View.php(484): CodeIgniter\View\View->render('partials/footer', null, true)
 5 APPPATH\Views\master.php(29): CodeIgniter\View\View->include('partials/footer')
 6 SYSTEMPATH\View\View.php(234): include('C:\\xampp\\htdocs\\zero\\app\\Views\\master.php')
 7 SYSTEMPATH\View\View.php(237): CodeIgniter\View\View->CodeIgniter\View\{closure}()
 8 SYSTEMPATH\View\View.php(250): CodeIgniter\View\View->render('master', [], true)
 9 SYSTEMPATH\Common.php(1171): CodeIgniter\View\View->render('pagina_inicial', [], true)
10 APPPATH\Controllers\Home.php(9): view('pagina_inicial')
11 SYSTEMPATH\CodeIgniter.php(933): App\Controllers\Home->index()
12 SYSTEMPATH\CodeIgniter.php(509): CodeIgniter\CodeIgniter->runController(Object(App\Controllers\Home))
13 SYSTEMPATH\CodeIgniter.php(355): CodeIgniter\CodeIgniter->handleRequest(null, Object(Config\Cache), false)
14 SYSTEMPATH\Boot.php(312): CodeIgniter\CodeIgniter->run()
15 SYSTEMPATH\Boot.php(67): CodeIgniter\Boot::runCodeIgniter(Object(CodeIgniter\CodeIgniter))
16 FCPATH\index.php(56): CodeIgniter\Boot::bootWeb(Object(Config\Paths))
CRITICAL - 2024-07-09 14:12:54 --> RuntimeException: View themes, no current section.
[Method: GET, Route: /]
in SYSTEMPATH\View\View.php on line 440.
 1 APPPATH\Views\partials\footer.php(16): CodeIgniter\View\View->endSection('content')
 2 SYSTEMPATH\View\View.php(234): include('C:\\xampp\\htdocs\\zero\\app\\Views\\partials\\footer.php')
 3 SYSTEMPATH\View\View.php(237): CodeIgniter\View\View->CodeIgniter\View\{closure}()
 4 SYSTEMPATH\View\View.php(484): CodeIgniter\View\View->render('partials/footer', null, true)
 5 APPPATH\Views\master.php(29): CodeIgniter\View\View->include('partials/footer')
 6 SYSTEMPATH\View\View.php(234): include('C:\\xampp\\htdocs\\zero\\app\\Views\\master.php')
 7 SYSTEMPATH\View\View.php(237): CodeIgniter\View\View->CodeIgniter\View\{closure}()
 8 SYSTEMPATH\View\View.php(250): CodeIgniter\View\View->render('master', [], true)
 9 SYSTEMPATH\Common.php(1171): CodeIgniter\View\View->render('pagina_inicial', [], true)
10 APPPATH\Controllers\Home.php(9): view('pagina_inicial')
11 SYSTEMPATH\CodeIgniter.php(933): App\Controllers\Home->index()
12 SYSTEMPATH\CodeIgniter.php(509): CodeIgniter\CodeIgniter->runController(Object(App\Controllers\Home))
13 SYSTEMPATH\CodeIgniter.php(355): CodeIgniter\CodeIgniter->handleRequest(null, Object(Config\Cache), false)
14 SYSTEMPATH\Boot.php(312): CodeIgniter\CodeIgniter->run()
15 SYSTEMPATH\Boot.php(67): CodeIgniter\Boot::runCodeIgniter(Object(CodeIgniter\CodeIgniter))
16 FCPATH\index.php(56): CodeIgniter\Boot::bootWeb(Object(Config\Paths))
CRITICAL - 2024-07-09 14:12:54 --> RuntimeException: View themes, no current section.
[Method: GET, Route: /]
in SYSTEMPATH\View\View.php on line 440.
 1 APPPATH\Views\partials\footer.php(16): CodeIgniter\View\View->endSection('content')
 2 SYSTEMPATH\View\View.php(234): include('C:\\xampp\\htdocs\\zero\\app\\Views\\partials\\footer.php')
 3 SYSTEMPATH\View\View.php(237): CodeIgniter\View\View->CodeIgniter\View\{closure}()
 4 SYSTEMPATH\View\View.php(484): CodeIgniter\View\View->render('partials/footer', null, true)
 5 APPPATH\Views\master.php(29): CodeIgniter\View\View->include('partials/footer')
 6 SYSTEMPATH\View\View.php(234): include('C:\\xampp\\htdocs\\zero\\app\\Views\\master.php')
 7 SYSTEMPATH\View\View.php(237): CodeIgniter\View\View->CodeIgniter\View\{closure}()
 8 SYSTEMPATH\View\View.php(250): CodeIgniter\View\View->render('master', [], true)
 9 SYSTEMPATH\Common.php(1171): CodeIgniter\View\View->render('pagina_inicial', [], true)
10 APPPATH\Controllers\Home.php(9): view('pagina_inicial')
11 SYSTEMPATH\CodeIgniter.php(933): App\Controllers\Home->index()
12 SYSTEMPATH\CodeIgniter.php(509): CodeIgniter\CodeIgniter->runController(Object(App\Controllers\Home))
13 SYSTEMPATH\CodeIgniter.php(355): CodeIgniter\CodeIgniter->handleRequest(null, Object(Config\Cache), false)
14 SYSTEMPATH\Boot.php(312): CodeIgniter\CodeIgniter->run()
15 SYSTEMPATH\Boot.php(67): CodeIgniter\Boot::runCodeIgniter(Object(CodeIgniter\CodeIgniter))
16 FCPATH\index.php(56): CodeIgniter\Boot::bootWeb(Object(Config\Paths))
CRITICAL - 2024-07-09 14:12:55 --> RuntimeException: View themes, no current section.
[Method: GET, Route: /]
in SYSTEMPATH\View\View.php on line 440.
 1 APPPATH\Views\partials\footer.php(16): CodeIgniter\View\View->endSection('content')
 2 SYSTEMPATH\View\View.php(234): include('C:\\xampp\\htdocs\\zero\\app\\Views\\partials\\footer.php')
 3 SYSTEMPATH\View\View.php(237): CodeIgniter\View\View->CodeIgniter\View\{closure}()
 4 SYSTEMPATH\View\View.php(484): CodeIgniter\View\View->render('partials/footer', null, true)
 5 APPPATH\Views\master.php(29): CodeIgniter\View\View->include('partials/footer')
 6 SYSTEMPATH\View\View.php(234): include('C:\\xampp\\htdocs\\zero\\app\\Views\\master.php')
 7 SYSTEMPATH\View\View.php(237): CodeIgniter\View\View->CodeIgniter\View\{closure}()
 8 SYSTEMPATH\View\View.php(250): CodeIgniter\View\View->render('master', [], true)
 9 SYSTEMPATH\Common.php(1171): CodeIgniter\View\View->render('pagina_inicial', [], true)
10 APPPATH\Controllers\Home.php(9): view('pagina_inicial')
11 SYSTEMPATH\CodeIgniter.php(933): App\Controllers\Home->index()
12 SYSTEMPATH\CodeIgniter.php(509): CodeIgniter\CodeIgniter->runController(Object(App\Controllers\Home))
13 SYSTEMPATH\CodeIgniter.php(355): CodeIgniter\CodeIgniter->handleRequest(null, Object(Config\Cache), false)
14 SYSTEMPATH\Boot.php(312): CodeIgniter\CodeIgniter->run()
15 SYSTEMPATH\Boot.php(67): CodeIgniter\Boot::runCodeIgniter(Object(CodeIgniter\CodeIgniter))
16 FCPATH\index.php(56): CodeIgniter\Boot::bootWeb(Object(Config\Paths))
CRITICAL - 2024-07-09 14:12:55 --> RuntimeException: View themes, no current section.
[Method: GET, Route: /]
in SYSTEMPATH\View\View.php on line 440.
 1 APPPATH\Views\partials\footer.php(16): CodeIgniter\View\View->endSection('content')
 2 SYSTEMPATH\View\View.php(234): include('C:\\xampp\\htdocs\\zero\\app\\Views\\partials\\footer.php')
 3 SYSTEMPATH\View\View.php(237): CodeIgniter\View\View->CodeIgniter\View\{closure}()
 4 SYSTEMPATH\View\View.php(484): CodeIgniter\View\View->render('partials/footer', null, true)
 5 APPPATH\Views\master.php(29): CodeIgniter\View\View->include('partials/footer')
 6 SYSTEMPATH\View\View.php(234): include('C:\\xampp\\htdocs\\zero\\app\\Views\\master.php')
 7 SYSTEMPATH\View\View.php(237): CodeIgniter\View\View->CodeIgniter\View\{closure}()
 8 SYSTEMPATH\View\View.php(250): CodeIgniter\View\View->render('master', [], true)
 9 SYSTEMPATH\Common.php(1171): CodeIgniter\View\View->render('pagina_inicial', [], true)
10 APPPATH\Controllers\Home.php(9): view('pagina_inicial')
11 SYSTEMPATH\CodeIgniter.php(933): App\Controllers\Home->index()
12 SYSTEMPATH\CodeIgniter.php(509): CodeIgniter\CodeIgniter->runController(Object(App\Controllers\Home))
13 SYSTEMPATH\CodeIgniter.php(355): CodeIgniter\CodeIgniter->handleRequest(null, Object(Config\Cache), false)
14 SYSTEMPATH\Boot.php(312): CodeIgniter\CodeIgniter->run()
15 SYSTEMPATH\Boot.php(67): CodeIgniter\Boot::runCodeIgniter(Object(CodeIgniter\CodeIgniter))
16 FCPATH\index.php(56): CodeIgniter\Boot::bootWeb(Object(Config\Paths))
CRITICAL - 2024-07-09 14:12:55 --> RuntimeException: View themes, no current section.
[Method: GET, Route: /]
in SYSTEMPATH\View\View.php on line 440.
 1 APPPATH\Views\partials\footer.php(16): CodeIgniter\View\View->endSection('content')
 2 SYSTEMPATH\View\View.php(234): include('C:\\xampp\\htdocs\\zero\\app\\Views\\partials\\footer.php')
 3 SYSTEMPATH\View\View.php(237): CodeIgniter\View\View->CodeIgniter\View\{closure}()
 4 SYSTEMPATH\View\View.php(484): CodeIgniter\View\View->render('partials/footer', null, true)
 5 APPPATH\Views\master.php(29): CodeIgniter\View\View->include('partials/footer')
 6 SYSTEMPATH\View\View.php(234): include('C:\\xampp\\htdocs\\zero\\app\\Views\\master.php')
 7 SYSTEMPATH\View\View.php(237): CodeIgniter\View\View->CodeIgniter\View\{closure}()
 8 SYSTEMPATH\View\View.php(250): CodeIgniter\View\View->render('master', [], true)
 9 SYSTEMPATH\Common.php(1171): CodeIgniter\View\View->render('pagina_inicial', [], true)
10 APPPATH\Controllers\Home.php(9): view('pagina_inicial')
11 SYSTEMPATH\CodeIgniter.php(933): App\Controllers\Home->index()
12 SYSTEMPATH\CodeIgniter.php(509): CodeIgniter\CodeIgniter->runController(Object(App\Controllers\Home))
13 SYSTEMPATH\CodeIgniter.php(355): CodeIgniter\CodeIgniter->handleRequest(null, Object(Config\Cache), false)
14 SYSTEMPATH\Boot.php(312): CodeIgniter\CodeIgniter->run()
15 SYSTEMPATH\Boot.php(67): CodeIgniter\Boot::runCodeIgniter(Object(CodeIgniter\CodeIgniter))
16 FCPATH\index.php(56): CodeIgniter\Boot::bootWeb(Object(Config\Paths))
CRITICAL - 2024-07-09 14:12:57 --> RuntimeException: View themes, no current section.
[Method: GET, Route: /]
in SYSTEMPATH\View\View.php on line 440.
 1 APPPATH\Views\partials\footer.php(16): CodeIgniter\View\View->endSection('content')
 2 SYSTEMPATH\View\View.php(234): include('C:\\xampp\\htdocs\\zero\\app\\Views\\partials\\footer.php')
 3 SYSTEMPATH\View\View.php(237): CodeIgniter\View\View->CodeIgniter\View\{closure}()
 4 SYSTEMPATH\View\View.php(484): CodeIgniter\View\View->render('partials/footer', null, true)
 5 APPPATH\Views\master.php(29): CodeIgniter\View\View->include('partials/footer')
 6 SYSTEMPATH\View\View.php(234): include('C:\\xampp\\htdocs\\zero\\app\\Views\\master.php')
 7 SYSTEMPATH\View\View.php(237): CodeIgniter\View\View->CodeIgniter\View\{closure}()
 8 SYSTEMPATH\View\View.php(250): CodeIgniter\View\View->render('master', [], true)
 9 SYSTEMPATH\Common.php(1171): CodeIgniter\View\View->render('pagina_inicial', [], true)
10 APPPATH\Controllers\Home.php(9): view('pagina_inicial')
11 SYSTEMPATH\CodeIgniter.php(933): App\Controllers\Home->index()
12 SYSTEMPATH\CodeIgniter.php(509): CodeIgniter\CodeIgniter->runController(Object(App\Controllers\Home))
13 SYSTEMPATH\CodeIgniter.php(355): CodeIgniter\CodeIgniter->handleRequest(null, Object(Config\Cache), false)
14 SYSTEMPATH\Boot.php(312): CodeIgniter\CodeIgniter->run()
15 SYSTEMPATH\Boot.php(67): CodeIgniter\Boot::runCodeIgniter(Object(CodeIgniter\CodeIgniter))
16 FCPATH\index.php(56): CodeIgniter\Boot::bootWeb(Object(Config\Paths))
CRITICAL - 2024-07-09 14:12:57 --> RuntimeException: View themes, no current section.
[Method: GET, Route: /]
in SYSTEMPATH\View\View.php on line 440.
 1 APPPATH\Views\partials\footer.php(16): CodeIgniter\View\View->endSection('content')
 2 SYSTEMPATH\View\View.php(234): include('C:\\xampp\\htdocs\\zero\\app\\Views\\partials\\footer.php')
 3 SYSTEMPATH\View\View.php(237): CodeIgniter\View\View->CodeIgniter\View\{closure}()
 4 SYSTEMPATH\View\View.php(484): CodeIgniter\View\View->render('partials/footer', null, true)
 5 APPPATH\Views\master.php(29): CodeIgniter\View\View->include('partials/footer')
 6 SYSTEMPATH\View\View.php(234): include('C:\\xampp\\htdocs\\zero\\app\\Views\\master.php')
 7 SYSTEMPATH\View\View.php(237): CodeIgniter\View\View->CodeIgniter\View\{closure}()
 8 SYSTEMPATH\View\View.php(250): CodeIgniter\View\View->render('master', [], true)
 9 SYSTEMPATH\Common.php(1171): CodeIgniter\View\View->render('pagina_inicial', [], true)
10 APPPATH\Controllers\Home.php(9): view('pagina_inicial')
11 SYSTEMPATH\CodeIgniter.php(933): App\Controllers\Home->index()
12 SYSTEMPATH\CodeIgniter.php(509): CodeIgniter\CodeIgniter->runController(Object(App\Controllers\Home))
13 SYSTEMPATH\CodeIgniter.php(355): CodeIgniter\CodeIgniter->handleRequest(null, Object(Config\Cache), false)
14 SYSTEMPATH\Boot.php(312): CodeIgniter\CodeIgniter->run()
15 SYSTEMPATH\Boot.php(67): CodeIgniter\Boot::runCodeIgniter(Object(CodeIgniter\CodeIgniter))
16 FCPATH\index.php(56): CodeIgniter\Boot::bootWeb(Object(Config\Paths))
CRITICAL - 2024-07-09 14:12:57 --> RuntimeException: View themes, no current section.
[Method: GET, Route: /]
in SYSTEMPATH\View\View.php on line 440.
 1 APPPATH\Views\partials\footer.php(16): CodeIgniter\View\View->endSection('content')
 2 SYSTEMPATH\View\View.php(234): include('C:\\xampp\\htdocs\\zero\\app\\Views\\partials\\footer.php')
 3 SYSTEMPATH\View\View.php(237): CodeIgniter\View\View->CodeIgniter\View\{closure}()
 4 SYSTEMPATH\View\View.php(484): CodeIgniter\View\View->render('partials/footer', null, true)
 5 APPPATH\Views\master.php(29): CodeIgniter\View\View->include('partials/footer')
 6 SYSTEMPATH\View\View.php(234): include('C:\\xampp\\htdocs\\zero\\app\\Views\\master.php')
 7 SYSTEMPATH\View\View.php(237): CodeIgniter\View\View->CodeIgniter\View\{closure}()
 8 SYSTEMPATH\View\View.php(250): CodeIgniter\View\View->render('master', [], true)
 9 SYSTEMPATH\Common.php(1171): CodeIgniter\View\View->render('pagina_inicial', [], true)
10 APPPATH\Controllers\Home.php(9): view('pagina_inicial')
11 SYSTEMPATH\CodeIgniter.php(933): App\Controllers\Home->index()
12 SYSTEMPATH\CodeIgniter.php(509): CodeIgniter\CodeIgniter->runController(Object(App\Controllers\Home))
13 SYSTEMPATH\CodeIgniter.php(355): CodeIgniter\CodeIgniter->handleRequest(null, Object(Config\Cache), false)
14 SYSTEMPATH\Boot.php(312): CodeIgniter\CodeIgniter->run()
15 SYSTEMPATH\Boot.php(67): CodeIgniter\Boot::runCodeIgniter(Object(CodeIgniter\CodeIgniter))
16 FCPATH\index.php(56): CodeIgniter\Boot::bootWeb(Object(Config\Paths))
CRITICAL - 2024-07-09 14:12:57 --> RuntimeException: View themes, no current section.
[Method: GET, Route: /]
in SYSTEMPATH\View\View.php on line 440.
 1 APPPATH\Views\partials\footer.php(16): CodeIgniter\View\View->endSection('content')
 2 SYSTEMPATH\View\View.php(234): include('C:\\xampp\\htdocs\\zero\\app\\Views\\partials\\footer.php')
 3 SYSTEMPATH\View\View.php(237): CodeIgniter\View\View->CodeIgniter\View\{closure}()
 4 SYSTEMPATH\View\View.php(484): CodeIgniter\View\View->render('partials/footer', null, true)
 5 APPPATH\Views\master.php(29): CodeIgniter\View\View->include('partials/footer')
 6 SYSTEMPATH\View\View.php(234): include('C:\\xampp\\htdocs\\zero\\app\\Views\\master.php')
 7 SYSTEMPATH\View\View.php(237): CodeIgniter\View\View->CodeIgniter\View\{closure}()
 8 SYSTEMPATH\View\View.php(250): CodeIgniter\View\View->render('master', [], true)
 9 SYSTEMPATH\Common.php(1171): CodeIgniter\View\View->render('pagina_inicial', [], true)
10 APPPATH\Controllers\Home.php(9): view('pagina_inicial')
11 SYSTEMPATH\CodeIgniter.php(933): App\Controllers\Home->index()
12 SYSTEMPATH\CodeIgniter.php(509): CodeIgniter\CodeIgniter->runController(Object(App\Controllers\Home))
13 SYSTEMPATH\CodeIgniter.php(355): CodeIgniter\CodeIgniter->handleRequest(null, Object(Config\Cache), false)
14 SYSTEMPATH\Boot.php(312): CodeIgniter\CodeIgniter->run()
15 SYSTEMPATH\Boot.php(67): CodeIgniter\Boot::runCodeIgniter(Object(CodeIgniter\CodeIgniter))
16 FCPATH\index.php(56): CodeIgniter\Boot::bootWeb(Object(Config\Paths))
CRITICAL - 2024-07-09 14:12:58 --> RuntimeException: View themes, no current section.
[Method: GET, Route: /]
in SYSTEMPATH\View\View.php on line 440.
 1 APPPATH\Views\partials\footer.php(16): CodeIgniter\View\View->endSection('content')
 2 SYSTEMPATH\View\View.php(234): include('C:\\xampp\\htdocs\\zero\\app\\Views\\partials\\footer.php')
 3 SYSTEMPATH\View\View.php(237): CodeIgniter\View\View->CodeIgniter\View\{closure}()
 4 SYSTEMPATH\View\View.php(484): CodeIgniter\View\View->render('partials/footer', null, true)
 5 APPPATH\Views\master.php(29): CodeIgniter\View\View->include('partials/footer')
 6 SYSTEMPATH\View\View.php(234): include('C:\\xampp\\htdocs\\zero\\app\\Views\\master.php')
 7 SYSTEMPATH\View\View.php(237): CodeIgniter\View\View->CodeIgniter\View\{closure}()
 8 SYSTEMPATH\View\View.php(250): CodeIgniter\View\View->render('master', [], true)
 9 SYSTEMPATH\Common.php(1171): CodeIgniter\View\View->render('pagina_inicial', [], true)
10 APPPATH\Controllers\Home.php(9): view('pagina_inicial')
11 SYSTEMPATH\CodeIgniter.php(933): App\Controllers\Home->index()
12 SYSTEMPATH\CodeIgniter.php(509): CodeIgniter\CodeIgniter->runController(Object(App\Controllers\Home))
13 SYSTEMPATH\CodeIgniter.php(355): CodeIgniter\CodeIgniter->handleRequest(null, Object(Config\Cache), false)
14 SYSTEMPATH\Boot.php(312): CodeIgniter\CodeIgniter->run()
15 SYSTEMPATH\Boot.php(67): CodeIgniter\Boot::runCodeIgniter(Object(CodeIgniter\CodeIgniter))
16 FCPATH\index.php(56): CodeIgniter\Boot::bootWeb(Object(Config\Paths))
CRITICAL - 2024-07-09 14:12:58 --> RuntimeException: View themes, no current section.
[Method: GET, Route: /]
in SYSTEMPATH\View\View.php on line 440.
 1 APPPATH\Views\partials\footer.php(16): CodeIgniter\View\View->endSection('content')
 2 SYSTEMPATH\View\View.php(234): include('C:\\xampp\\htdocs\\zero\\app\\Views\\partials\\footer.php')
 3 SYSTEMPATH\View\View.php(237): CodeIgniter\View\View->CodeIgniter\View\{closure}()
 4 SYSTEMPATH\View\View.php(484): CodeIgniter\View\View->render('partials/footer', null, true)
 5 APPPATH\Views\master.php(29): CodeIgniter\View\View->include('partials/footer')
 6 SYSTEMPATH\View\View.php(234): include('C:\\xampp\\htdocs\\zero\\app\\Views\\master.php')
 7 SYSTEMPATH\View\View.php(237): CodeIgniter\View\View->CodeIgniter\View\{closure}()
 8 SYSTEMPATH\View\View.php(250): CodeIgniter\View\View->render('master', [], true)
 9 SYSTEMPATH\Common.php(1171): CodeIgniter\View\View->render('pagina_inicial', [], true)
10 APPPATH\Controllers\Home.php(9): view('pagina_inicial')
11 SYSTEMPATH\CodeIgniter.php(933): App\Controllers\Home->index()
12 SYSTEMPATH\CodeIgniter.php(509): CodeIgniter\CodeIgniter->runController(Object(App\Controllers\Home))
13 SYSTEMPATH\CodeIgniter.php(355): CodeIgniter\CodeIgniter->handleRequest(null, Object(Config\Cache), false)
14 SYSTEMPATH\Boot.php(312): CodeIgniter\CodeIgniter->run()
15 SYSTEMPATH\Boot.php(67): CodeIgniter\Boot::runCodeIgniter(Object(CodeIgniter\CodeIgniter))
16 FCPATH\index.php(56): CodeIgniter\Boot::bootWeb(Object(Config\Paths))
CRITICAL - 2024-07-09 14:12:58 --> RuntimeException: View themes, no current section.
[Method: GET, Route: /]
in SYSTEMPATH\View\View.php on line 440.
 1 APPPATH\Views\partials\footer.php(16): CodeIgniter\View\View->endSection('content')
 2 SYSTEMPATH\View\View.php(234): include('C:\\xampp\\htdocs\\zero\\app\\Views\\partials\\footer.php')
 3 SYSTEMPATH\View\View.php(237): CodeIgniter\View\View->CodeIgniter\View\{closure}()
 4 SYSTEMPATH\View\View.php(484): CodeIgniter\View\View->render('partials/footer', null, true)
 5 APPPATH\Views\master.php(29): CodeIgniter\View\View->include('partials/footer')
 6 SYSTEMPATH\View\View.php(234): include('C:\\xampp\\htdocs\\zero\\app\\Views\\master.php')
 7 SYSTEMPATH\View\View.php(237): CodeIgniter\View\View->CodeIgniter\View\{closure}()
 8 SYSTEMPATH\View\View.php(250): CodeIgniter\View\View->render('master', [], true)
 9 SYSTEMPATH\Common.php(1171): CodeIgniter\View\View->render('pagina_inicial', [], true)
10 APPPATH\Controllers\Home.php(9): view('pagina_inicial')
11 SYSTEMPATH\CodeIgniter.php(933): App\Controllers\Home->index()
12 SYSTEMPATH\CodeIgniter.php(509): CodeIgniter\CodeIgniter->runController(Object(App\Controllers\Home))
13 SYSTEMPATH\CodeIgniter.php(355): CodeIgniter\CodeIgniter->handleRequest(null, Object(Config\Cache), false)
14 SYSTEMPATH\Boot.php(312): CodeIgniter\CodeIgniter->run()
15 SYSTEMPATH\Boot.php(67): CodeIgniter\Boot::runCodeIgniter(Object(CodeIgniter\CodeIgniter))
16 FCPATH\index.php(56): CodeIgniter\Boot::bootWeb(Object(Config\Paths))
CRITICAL - 2024-07-09 14:12:58 --> RuntimeException: View themes, no current section.
[Method: GET, Route: /]
in SYSTEMPATH\View\View.php on line 440.
 1 APPPATH\Views\partials\footer.php(16): CodeIgniter\View\View->endSection('content')
 2 SYSTEMPATH\View\View.php(234): include('C:\\xampp\\htdocs\\zero\\app\\Views\\partials\\footer.php')
 3 SYSTEMPATH\View\View.php(237): CodeIgniter\View\View->CodeIgniter\View\{closure}()
 4 SYSTEMPATH\View\View.php(484): CodeIgniter\View\View->render('partials/footer', null, true)
 5 APPPATH\Views\master.php(29): CodeIgniter\View\View->include('partials/footer')
 6 SYSTEMPATH\View\View.php(234): include('C:\\xampp\\htdocs\\zero\\app\\Views\\master.php')
 7 SYSTEMPATH\View\View.php(237): CodeIgniter\View\View->CodeIgniter\View\{closure}()
 8 SYSTEMPATH\View\View.php(250): CodeIgniter\View\View->render('master', [], true)
 9 SYSTEMPATH\Common.php(1171): CodeIgniter\View\View->render('pagina_inicial', [], true)
10 APPPATH\Controllers\Home.php(9): view('pagina_inicial')
11 SYSTEMPATH\CodeIgniter.php(933): App\Controllers\Home->index()
12 SYSTEMPATH\CodeIgniter.php(509): CodeIgniter\CodeIgniter->runController(Object(App\Controllers\Home))
13 SYSTEMPATH\CodeIgniter.php(355): CodeIgniter\CodeIgniter->handleRequest(null, Object(Config\Cache), false)
14 SYSTEMPATH\Boot.php(312): CodeIgniter\CodeIgniter->run()
15 SYSTEMPATH\Boot.php(67): CodeIgniter\Boot::runCodeIgniter(Object(CodeIgniter\CodeIgniter))
16 FCPATH\index.php(56): CodeIgniter\Boot::bootWeb(Object(Config\Paths))
CRITICAL - 2024-07-09 14:12:58 --> RuntimeException: View themes, no current section.
[Method: GET, Route: /]
in SYSTEMPATH\View\View.php on line 440.
 1 APPPATH\Views\partials\footer.php(16): CodeIgniter\View\View->endSection('content')
 2 SYSTEMPATH\View\View.php(234): include('C:\\xampp\\htdocs\\zero\\app\\Views\\partials\\footer.php')
 3 SYSTEMPATH\View\View.php(237): CodeIgniter\View\View->CodeIgniter\View\{closure}()
 4 SYSTEMPATH\View\View.php(484): CodeIgniter\View\View->render('partials/footer', null, true)
 5 APPPATH\Views\master.php(29): CodeIgniter\View\View->include('partials/footer')
 6 SYSTEMPATH\View\View.php(234): include('C:\\xampp\\htdocs\\zero\\app\\Views\\master.php')
 7 SYSTEMPATH\View\View.php(237): CodeIgniter\View\View->CodeIgniter\View\{closure}()
 8 SYSTEMPATH\View\View.php(250): CodeIgniter\View\View->render('master', [], true)
 9 SYSTEMPATH\Common.php(1171): CodeIgniter\View\View->render('pagina_inicial', [], true)
10 APPPATH\Controllers\Home.php(9): view('pagina_inicial')
11 SYSTEMPATH\CodeIgniter.php(933): App\Controllers\Home->index()
12 SYSTEMPATH\CodeIgniter.php(509): CodeIgniter\CodeIgniter->runController(Object(App\Controllers\Home))
13 SYSTEMPATH\CodeIgniter.php(355): CodeIgniter\CodeIgniter->handleRequest(null, Object(Config\Cache), false)
14 SYSTEMPATH\Boot.php(312): CodeIgniter\CodeIgniter->run()
15 SYSTEMPATH\Boot.php(67): CodeIgniter\Boot::runCodeIgniter(Object(CodeIgniter\CodeIgniter))
16 FCPATH\index.php(56): CodeIgniter\Boot::bootWeb(Object(Config\Paths))
CRITICAL - 2024-07-09 14:13:03 --> RuntimeException: View themes, no current section.
[Method: GET, Route: /]
in SYSTEMPATH\View\View.php on line 440.
 1 APPPATH\Views\partials\footer.php(16): CodeIgniter\View\View->endSection('content')
 2 SYSTEMPATH\View\View.php(234): include('C:\\xampp\\htdocs\\zero\\app\\Views\\partials\\footer.php')
 3 SYSTEMPATH\View\View.php(237): CodeIgniter\View\View->CodeIgniter\View\{closure}()
 4 SYSTEMPATH\View\View.php(484): CodeIgniter\View\View->render('partials/footer', null, true)
 5 APPPATH\Views\master.php(29): CodeIgniter\View\View->include('partials/footer')
 6 SYSTEMPATH\View\View.php(234): include('C:\\xampp\\htdocs\\zero\\app\\Views\\master.php')
 7 SYSTEMPATH\View\View.php(237): CodeIgniter\View\View->CodeIgniter\View\{closure}()
 8 SYSTEMPATH\View\View.php(250): CodeIgniter\View\View->render('master', [], true)
 9 SYSTEMPATH\Common.php(1171): CodeIgniter\View\View->render('apresentacao', [], true)
10 APPPATH\Controllers\Home.php(9): view('apresentacao')
11 SYSTEMPATH\CodeIgniter.php(933): App\Controllers\Home->index()
12 SYSTEMPATH\CodeIgniter.php(509): CodeIgniter\CodeIgniter->runController(Object(App\Controllers\Home))
13 SYSTEMPATH\CodeIgniter.php(355): CodeIgniter\CodeIgniter->handleRequest(null, Object(Config\Cache), false)
14 SYSTEMPATH\Boot.php(312): CodeIgniter\CodeIgniter->run()
15 SYSTEMPATH\Boot.php(67): CodeIgniter\Boot::runCodeIgniter(Object(CodeIgniter\CodeIgniter))
16 FCPATH\index.php(56): CodeIgniter\Boot::bootWeb(Object(Config\Paths))
CRITICAL - 2024-07-09 14:13:04 --> RuntimeException: View themes, no current section.
[Method: GET, Route: /]
in SYSTEMPATH\View\View.php on line 440.
 1 APPPATH\Views\partials\footer.php(16): CodeIgniter\View\View->endSection('content')
 2 SYSTEMPATH\View\View.php(234): include('C:\\xampp\\htdocs\\zero\\app\\Views\\partials\\footer.php')
 3 SYSTEMPATH\View\View.php(237): CodeIgniter\View\View->CodeIgniter\View\{closure}()
 4 SYSTEMPATH\View\View.php(484): CodeIgniter\View\View->render('partials/footer', null, true)
 5 APPPATH\Views\master.php(29): CodeIgniter\View\View->include('partials/footer')
 6 SYSTEMPATH\View\View.php(234): include('C:\\xampp\\htdocs\\zero\\app\\Views\\master.php')
 7 SYSTEMPATH\View\View.php(237): CodeIgniter\View\View->CodeIgniter\View\{closure}()
 8 SYSTEMPATH\View\View.php(250): CodeIgniter\View\View->render('master', [], true)
 9 SYSTEMPATH\Common.php(1171): CodeIgniter\View\View->render('apresentacao', [], true)
10 APPPATH\Controllers\Home.php(9): view('apresentacao')
11 SYSTEMPATH\CodeIgniter.php(933): App\Controllers\Home->index()
12 SYSTEMPATH\CodeIgniter.php(509): CodeIgniter\CodeIgniter->runController(Object(App\Controllers\Home))
13 SYSTEMPATH\CodeIgniter.php(355): CodeIgniter\CodeIgniter->handleRequest(null, Object(Config\Cache), false)
14 SYSTEMPATH\Boot.php(312): CodeIgniter\CodeIgniter->run()
15 SYSTEMPATH\Boot.php(67): CodeIgniter\Boot::runCodeIgniter(Object(CodeIgniter\CodeIgniter))
16 FCPATH\index.php(56): CodeIgniter\Boot::bootWeb(Object(Config\Paths))
CRITICAL - 2024-07-09 14:13:04 --> RuntimeException: View themes, no current section.
[Method: GET, Route: /]
in SYSTEMPATH\View\View.php on line 440.
 1 APPPATH\Views\partials\footer.php(16): CodeIgniter\View\View->endSection('content')
 2 SYSTEMPATH\View\View.php(234): include('C:\\xampp\\htdocs\\zero\\app\\Views\\partials\\footer.php')
 3 SYSTEMPATH\View\View.php(237): CodeIgniter\View\View->CodeIgniter\View\{closure}()
 4 SYSTEMPATH\View\View.php(484): CodeIgniter\View\View->render('partials/footer', null, true)
 5 APPPATH\Views\master.php(29): CodeIgniter\View\View->include('partials/footer')
 6 SYSTEMPATH\View\View.php(234): include('C:\\xampp\\htdocs\\zero\\app\\Views\\master.php')
 7 SYSTEMPATH\View\View.php(237): CodeIgniter\View\View->CodeIgniter\View\{closure}()
 8 SYSTEMPATH\View\View.php(250): CodeIgniter\View\View->render('master', [], true)
 9 SYSTEMPATH\Common.php(1171): CodeIgniter\View\View->render('apresentacao', [], true)
10 APPPATH\Controllers\Home.php(9): view('apresentacao')
11 SYSTEMPATH\CodeIgniter.php(933): App\Controllers\Home->index()
12 SYSTEMPATH\CodeIgniter.php(509): CodeIgniter\CodeIgniter->runController(Object(App\Controllers\Home))
13 SYSTEMPATH\CodeIgniter.php(355): CodeIgniter\CodeIgniter->handleRequest(null, Object(Config\Cache), false)
14 SYSTEMPATH\Boot.php(312): CodeIgniter\CodeIgniter->run()
15 SYSTEMPATH\Boot.php(67): CodeIgniter\Boot::runCodeIgniter(Object(CodeIgniter\CodeIgniter))
16 FCPATH\index.php(56): CodeIgniter\Boot::bootWeb(Object(Config\Paths))
CRITICAL - 2024-07-09 14:13:04 --> RuntimeException: View themes, no current section.
[Method: GET, Route: /]
in SYSTEMPATH\View\View.php on line 440.
 1 APPPATH\Views\partials\footer.php(16): CodeIgniter\View\View->endSection('content')
 2 SYSTEMPATH\View\View.php(234): include('C:\\xampp\\htdocs\\zero\\app\\Views\\partials\\footer.php')
 3 SYSTEMPATH\View\View.php(237): CodeIgniter\View\View->CodeIgniter\View\{closure}()
 4 SYSTEMPATH\View\View.php(484): CodeIgniter\View\View->render('partials/footer', null, true)
 5 APPPATH\Views\master.php(29): CodeIgniter\View\View->include('partials/footer')
 6 SYSTEMPATH\View\View.php(234): include('C:\\xampp\\htdocs\\zero\\app\\Views\\master.php')
 7 SYSTEMPATH\View\View.php(237): CodeIgniter\View\View->CodeIgniter\View\{closure}()
 8 SYSTEMPATH\View\View.php(250): CodeIgniter\View\View->render('master', [], true)
 9 SYSTEMPATH\Common.php(1171): CodeIgniter\View\View->render('apresentacao', [], true)
10 APPPATH\Controllers\Home.php(9): view('apresentacao')
11 SYSTEMPATH\CodeIgniter.php(933): App\Controllers\Home->index()
12 SYSTEMPATH\CodeIgniter.php(509): CodeIgniter\CodeIgniter->runController(Object(App\Controllers\Home))
13 SYSTEMPATH\CodeIgniter.php(355): CodeIgniter\CodeIgniter->handleRequest(null, Object(Config\Cache), false)
14 SYSTEMPATH\Boot.php(312): CodeIgniter\CodeIgniter->run()
15 SYSTEMPATH\Boot.php(67): CodeIgniter\Boot::runCodeIgniter(Object(CodeIgniter\CodeIgniter))
16 FCPATH\index.php(56): CodeIgniter\Boot::bootWeb(Object(Config\Paths))
CRITICAL - 2024-07-09 14:13:04 --> RuntimeException: View themes, no current section.
[Method: GET, Route: /]
in SYSTEMPATH\View\View.php on line 440.
 1 APPPATH\Views\partials\footer.php(16): CodeIgniter\View\View->endSection('content')
 2 SYSTEMPATH\View\View.php(234): include('C:\\xampp\\htdocs\\zero\\app\\Views\\partials\\footer.php')
 3 SYSTEMPATH\View\View.php(237): CodeIgniter\View\View->CodeIgniter\View\{closure}()
 4 SYSTEMPATH\View\View.php(484): CodeIgniter\View\View->render('partials/footer', null, true)
 5 APPPATH\Views\master.php(29): CodeIgniter\View\View->include('partials/footer')
 6 SYSTEMPATH\View\View.php(234): include('C:\\xampp\\htdocs\\zero\\app\\Views\\master.php')
 7 SYSTEMPATH\View\View.php(237): CodeIgniter\View\View->CodeIgniter\View\{closure}()
 8 SYSTEMPATH\View\View.php(250): CodeIgniter\View\View->render('master', [], true)
 9 SYSTEMPATH\Common.php(1171): CodeIgniter\View\View->render('apresentacao', [], true)
10 APPPATH\Controllers\Home.php(9): view('apresentacao')
11 SYSTEMPATH\CodeIgniter.php(933): App\Controllers\Home->index()
12 SYSTEMPATH\CodeIgniter.php(509): CodeIgniter\CodeIgniter->runController(Object(App\Controllers\Home))
13 SYSTEMPATH\CodeIgniter.php(355): CodeIgniter\CodeIgniter->handleRequest(null, Object(Config\Cache), false)
14 SYSTEMPATH\Boot.php(312): CodeIgniter\CodeIgniter->run()
15 SYSTEMPATH\Boot.php(67): CodeIgniter\Boot::runCodeIgniter(Object(CodeIgniter\CodeIgniter))
16 FCPATH\index.php(56): CodeIgniter\Boot::bootWeb(Object(Config\Paths))
CRITICAL - 2024-07-09 14:14:11 --> RuntimeException: View themes, no current section.
[Method: GET, Route: /]
in SYSTEMPATH\View\View.php on line 440.
 1 APPPATH\Views\partials\footer.php(16): CodeIgniter\View\View->endSection('content')
 2 SYSTEMPATH\View\View.php(234): include('C:\\xampp\\htdocs\\zero\\app\\Views\\partials\\footer.php')
 3 SYSTEMPATH\View\View.php(237): CodeIgniter\View\View->CodeIgniter\View\{closure}()
 4 SYSTEMPATH\View\View.php(484): CodeIgniter\View\View->render('partials/footer', null, true)
 5 APPPATH\Views\master.php(29): CodeIgniter\View\View->include('partials/footer')
 6 SYSTEMPATH\View\View.php(234): include('C:\\xampp\\htdocs\\zero\\app\\Views\\master.php')
 7 SYSTEMPATH\View\View.php(237): CodeIgniter\View\View->CodeIgniter\View\{closure}()
 8 SYSTEMPATH\View\View.php(250): CodeIgniter\View\View->render('master', [], true)
 9 SYSTEMPATH\Common.php(1171): CodeIgniter\View\View->render('apresentacao', [], true)
10 APPPATH\Controllers\Home.php(9): view('apresentacao')
11 SYSTEMPATH\CodeIgniter.php(933): App\Controllers\Home->index()
12 SYSTEMPATH\CodeIgniter.php(509): CodeIgniter\CodeIgniter->runController(Object(App\Controllers\Home))
13 SYSTEMPATH\CodeIgniter.php(355): CodeIgniter\CodeIgniter->handleRequest(null, Object(Config\Cache), false)
14 SYSTEMPATH\Boot.php(312): CodeIgniter\CodeIgniter->run()
15 SYSTEMPATH\Boot.php(67): CodeIgniter\Boot::runCodeIgniter(Object(CodeIgniter\CodeIgniter))
16 FCPATH\index.php(56): CodeIgniter\Boot::bootWeb(Object(Config\Paths))
CRITICAL - 2024-07-09 14:14:11 --> RuntimeException: View themes, no current section.
[Method: GET, Route: /]
in SYSTEMPATH\View\View.php on line 440.
 1 APPPATH\Views\partials\footer.php(16): CodeIgniter\View\View->endSection('content')
 2 SYSTEMPATH\View\View.php(234): include('C:\\xampp\\htdocs\\zero\\app\\Views\\partials\\footer.php')
 3 SYSTEMPATH\View\View.php(237): CodeIgniter\View\View->CodeIgniter\View\{closure}()
 4 SYSTEMPATH\View\View.php(484): CodeIgniter\View\View->render('partials/footer', null, true)
 5 APPPATH\Views\master.php(29): CodeIgniter\View\View->include('partials/footer')
 6 SYSTEMPATH\View\View.php(234): include('C:\\xampp\\htdocs\\zero\\app\\Views\\master.php')
 7 SYSTEMPATH\View\View.php(237): CodeIgniter\View\View->CodeIgniter\View\{closure}()
 8 SYSTEMPATH\View\View.php(250): CodeIgniter\View\View->render('master', [], true)
 9 SYSTEMPATH\Common.php(1171): CodeIgniter\View\View->render('apresentacao', [], true)
10 APPPATH\Controllers\Home.php(9): view('apresentacao')
11 SYSTEMPATH\CodeIgniter.php(933): App\Controllers\Home->index()
12 SYSTEMPATH\CodeIgniter.php(509): CodeIgniter\CodeIgniter->runController(Object(App\Controllers\Home))
13 SYSTEMPATH\CodeIgniter.php(355): CodeIgniter\CodeIgniter->handleRequest(null, Object(Config\Cache), false)
14 SYSTEMPATH\Boot.php(312): CodeIgniter\CodeIgniter->run()
15 SYSTEMPATH\Boot.php(67): CodeIgniter\Boot::runCodeIgniter(Object(CodeIgniter\CodeIgniter))
16 FCPATH\index.php(56): CodeIgniter\Boot::bootWeb(Object(Config\Paths))
CRITICAL - 2024-07-09 14:14:11 --> RuntimeException: View themes, no current section.
[Method: GET, Route: /]
in SYSTEMPATH\View\View.php on line 440.
 1 APPPATH\Views\partials\footer.php(16): CodeIgniter\View\View->endSection('content')
 2 SYSTEMPATH\View\View.php(234): include('C:\\xampp\\htdocs\\zero\\app\\Views\\partials\\footer.php')
 3 SYSTEMPATH\View\View.php(237): CodeIgniter\View\View->CodeIgniter\View\{closure}()
 4 SYSTEMPATH\View\View.php(484): CodeIgniter\View\View->render('partials/footer', null, true)
 5 APPPATH\Views\master.php(29): CodeIgniter\View\View->include('partials/footer')
 6 SYSTEMPATH\View\View.php(234): include('C:\\xampp\\htdocs\\zero\\app\\Views\\master.php')
 7 SYSTEMPATH\View\View.php(237): CodeIgniter\View\View->CodeIgniter\View\{closure}()
 8 SYSTEMPATH\View\View.php(250): CodeIgniter\View\View->render('master', [], true)
 9 SYSTEMPATH\Common.php(1171): CodeIgniter\View\View->render('apresentacao', [], true)
10 APPPATH\Controllers\Home.php(9): view('apresentacao')
11 SYSTEMPATH\CodeIgniter.php(933): App\Controllers\Home->index()
12 SYSTEMPATH\CodeIgniter.php(509): CodeIgniter\CodeIgniter->runController(Object(App\Controllers\Home))
13 SYSTEMPATH\CodeIgniter.php(355): CodeIgniter\CodeIgniter->handleRequest(null, Object(Config\Cache), false)
14 SYSTEMPATH\Boot.php(312): CodeIgniter\CodeIgniter->run()
15 SYSTEMPATH\Boot.php(67): CodeIgniter\Boot::runCodeIgniter(Object(CodeIgniter\CodeIgniter))
16 FCPATH\index.php(56): CodeIgniter\Boot::bootWeb(Object(Config\Paths))
CRITICAL - 2024-07-09 14:14:15 --> RuntimeException: View themes, no current section.
[Method: GET, Route: /]
in SYSTEMPATH\View\View.php on line 440.
 1 APPPATH\Views\partials\footer.php(16): CodeIgniter\View\View->endSection('content')
 2 SYSTEMPATH\View\View.php(234): include('C:\\xampp\\htdocs\\zero\\app\\Views\\partials\\footer.php')
 3 SYSTEMPATH\View\View.php(237): CodeIgniter\View\View->CodeIgniter\View\{closure}()
 4 SYSTEMPATH\View\View.php(484): CodeIgniter\View\View->render('partials/footer', null, true)
 5 APPPATH\Views\master.php(29): CodeIgniter\View\View->include('partials/footer')
 6 SYSTEMPATH\View\View.php(234): include('C:\\xampp\\htdocs\\zero\\app\\Views\\master.php')
 7 SYSTEMPATH\View\View.php(237): CodeIgniter\View\View->CodeIgniter\View\{closure}()
 8 SYSTEMPATH\View\View.php(250): CodeIgniter\View\View->render('master', [], true)
 9 SYSTEMPATH\Common.php(1171): CodeIgniter\View\View->render('apresentacao', [], true)
10 APPPATH\Controllers\Home.php(9): view('apresentacao')
11 SYSTEMPATH\CodeIgniter.php(933): App\Controllers\Home->index()
12 SYSTEMPATH\CodeIgniter.php(509): CodeIgniter\CodeIgniter->runController(Object(App\Controllers\Home))
13 SYSTEMPATH\CodeIgniter.php(355): CodeIgniter\CodeIgniter->handleRequest(null, Object(Config\Cache), false)
14 SYSTEMPATH\Boot.php(312): CodeIgniter\CodeIgniter->run()
15 SYSTEMPATH\Boot.php(67): CodeIgniter\Boot::runCodeIgniter(Object(CodeIgniter\CodeIgniter))
16 FCPATH\index.php(56): CodeIgniter\Boot::bootWeb(Object(Config\Paths))
CRITICAL - 2024-07-09 14:14:21 --> RuntimeException: View themes, no current section.
[Method: GET, Route: /]
in SYSTEMPATH\View\View.php on line 440.
 1 APPPATH\Views\partials\footer.php(16): CodeIgniter\View\View->endSection('content')
 2 SYSTEMPATH\View\View.php(234): include('C:\\xampp\\htdocs\\zero\\app\\Views\\partials\\footer.php')
 3 SYSTEMPATH\View\View.php(237): CodeIgniter\View\View->CodeIgniter\View\{closure}()
 4 SYSTEMPATH\View\View.php(484): CodeIgniter\View\View->render('partials/footer', null, true)
 5 APPPATH\Views\master.php(29): CodeIgniter\View\View->include('partials/footer')
 6 SYSTEMPATH\View\View.php(234): include('C:\\xampp\\htdocs\\zero\\app\\Views\\master.php')
 7 SYSTEMPATH\View\View.php(237): CodeIgniter\View\View->CodeIgniter\View\{closure}()
 8 SYSTEMPATH\View\View.php(250): CodeIgniter\View\View->render('master', [], true)
 9 SYSTEMPATH\Common.php(1171): CodeIgniter\View\View->render('apresentacao', [], true)
10 APPPATH\Controllers\Home.php(9): view('apresentacao')
11 SYSTEMPATH\CodeIgniter.php(933): App\Controllers\Home->index()
12 SYSTEMPATH\CodeIgniter.php(509): CodeIgniter\CodeIgniter->runController(Object(App\Controllers\Home))
13 SYSTEMPATH\CodeIgniter.php(355): CodeIgniter\CodeIgniter->handleRequest(null, Object(Config\Cache), false)
14 SYSTEMPATH\Boot.php(312): CodeIgniter\CodeIgniter->run()
15 SYSTEMPATH\Boot.php(67): CodeIgniter\Boot::runCodeIgniter(Object(CodeIgniter\CodeIgniter))
16 FCPATH\index.php(56): CodeIgniter\Boot::bootWeb(Object(Config\Paths))
CRITICAL - 2024-07-09 14:14:36 --> RuntimeException: View themes, no current section.
[Method: GET, Route: /]
in SYSTEMPATH\View\View.php on line 440.
 1 APPPATH\Views\partials\footer.php(16): CodeIgniter\View\View->endSection('content')
 2 SYSTEMPATH\View\View.php(234): include('C:\\xampp\\htdocs\\zero\\app\\Views\\partials\\footer.php')
 3 SYSTEMPATH\View\View.php(237): CodeIgniter\View\View->CodeIgniter\View\{closure}()
 4 SYSTEMPATH\View\View.php(484): CodeIgniter\View\View->render('partials/footer', null, true)
 5 APPPATH\Views\master.php(29): CodeIgniter\View\View->include('partials/footer')
 6 SYSTEMPATH\View\View.php(234): include('C:\\xampp\\htdocs\\zero\\app\\Views\\master.php')
 7 SYSTEMPATH\View\View.php(237): CodeIgniter\View\View->CodeIgniter\View\{closure}()
 8 SYSTEMPATH\View\View.php(250): CodeIgniter\View\View->render('master', [], true)
 9 SYSTEMPATH\Common.php(1171): CodeIgniter\View\View->render('apresentacao', [], true)
10 APPPATH\Controllers\Home.php(9): view('apresentacao')
11 SYSTEMPATH\CodeIgniter.php(933): App\Controllers\Home->index()
12 SYSTEMPATH\CodeIgniter.php(509): CodeIgniter\CodeIgniter->runController(Object(App\Controllers\Home))
13 SYSTEMPATH\CodeIgniter.php(355): CodeIgniter\CodeIgniter->handleRequest(null, Object(Config\Cache), false)
14 SYSTEMPATH\Boot.php(312): CodeIgniter\CodeIgniter->run()
15 SYSTEMPATH\Boot.php(67): CodeIgniter\Boot::runCodeIgniter(Object(CodeIgniter\CodeIgniter))
16 FCPATH\index.php(56): CodeIgniter\Boot::bootWeb(Object(Config\Paths))
CRITICAL - 2024-07-09 14:14:36 --> RuntimeException: View themes, no current section.
[Method: GET, Route: /]
in SYSTEMPATH\View\View.php on line 440.
 1 APPPATH\Views\partials\footer.php(16): CodeIgniter\View\View->endSection('content')
 2 SYSTEMPATH\View\View.php(234): include('C:\\xampp\\htdocs\\zero\\app\\Views\\partials\\footer.php')
 3 SYSTEMPATH\View\View.php(237): CodeIgniter\View\View->CodeIgniter\View\{closure}()
 4 SYSTEMPATH\View\View.php(484): CodeIgniter\View\View->render('partials/footer', null, true)
 5 APPPATH\Views\master.php(29): CodeIgniter\View\View->include('partials/footer')
 6 SYSTEMPATH\View\View.php(234): include('C:\\xampp\\htdocs\\zero\\app\\Views\\master.php')
 7 SYSTEMPATH\View\View.php(237): CodeIgniter\View\View->CodeIgniter\View\{closure}()
 8 SYSTEMPATH\View\View.php(250): CodeIgniter\View\View->render('master', [], true)
 9 SYSTEMPATH\Common.php(1171): CodeIgniter\View\View->render('apresentacao', [], true)
10 APPPATH\Controllers\Home.php(9): view('apresentacao')
11 SYSTEMPATH\CodeIgniter.php(933): App\Controllers\Home->index()
12 SYSTEMPATH\CodeIgniter.php(509): CodeIgniter\CodeIgniter->runController(Object(App\Controllers\Home))
13 SYSTEMPATH\CodeIgniter.php(355): CodeIgniter\CodeIgniter->handleRequest(null, Object(Config\Cache), false)
14 SYSTEMPATH\Boot.php(312): CodeIgniter\CodeIgniter->run()
15 SYSTEMPATH\Boot.php(67): CodeIgniter\Boot::runCodeIgniter(Object(CodeIgniter\CodeIgniter))
16 FCPATH\index.php(56): CodeIgniter\Boot::bootWeb(Object(Config\Paths))
CRITICAL - 2024-07-09 14:14:36 --> RuntimeException: View themes, no current section.
[Method: GET, Route: /]
in SYSTEMPATH\View\View.php on line 440.
 1 APPPATH\Views\partials\footer.php(16): CodeIgniter\View\View->endSection('content')
 2 SYSTEMPATH\View\View.php(234): include('C:\\xampp\\htdocs\\zero\\app\\Views\\partials\\footer.php')
 3 SYSTEMPATH\View\View.php(237): CodeIgniter\View\View->CodeIgniter\View\{closure}()
 4 SYSTEMPATH\View\View.php(484): CodeIgniter\View\View->render('partials/footer', null, true)
 5 APPPATH\Views\master.php(29): CodeIgniter\View\View->include('partials/footer')
 6 SYSTEMPATH\View\View.php(234): include('C:\\xampp\\htdocs\\zero\\app\\Views\\master.php')
 7 SYSTEMPATH\View\View.php(237): CodeIgniter\View\View->CodeIgniter\View\{closure}()
 8 SYSTEMPATH\View\View.php(250): CodeIgniter\View\View->render('master', [], true)
 9 SYSTEMPATH\Common.php(1171): CodeIgniter\View\View->render('apresentacao', [], true)
10 APPPATH\Controllers\Home.php(9): view('apresentacao')
11 SYSTEMPATH\CodeIgniter.php(933): App\Controllers\Home->index()
12 SYSTEMPATH\CodeIgniter.php(509): CodeIgniter\CodeIgniter->runController(Object(App\Controllers\Home))
13 SYSTEMPATH\CodeIgniter.php(355): CodeIgniter\CodeIgniter->handleRequest(null, Object(Config\Cache), false)
14 SYSTEMPATH\Boot.php(312): CodeIgniter\CodeIgniter->run()
15 SYSTEMPATH\Boot.php(67): CodeIgniter\Boot::runCodeIgniter(Object(CodeIgniter\CodeIgniter))
16 FCPATH\index.php(56): CodeIgniter\Boot::bootWeb(Object(Config\Paths))
CRITICAL - 2024-07-09 14:18:46 --> RuntimeException: View themes, no current section.
[Method: GET, Route: /]
in SYSTEMPATH\View\View.php on line 440.
 1 APPPATH\Views\partials\footer.php(16): CodeIgniter\View\View->endSection('content')
 2 SYSTEMPATH\View\View.php(234): include('C:\\xampp\\htdocs\\zero\\app\\Views\\partials\\footer.php')
 3 SYSTEMPATH\View\View.php(237): CodeIgniter\View\View->CodeIgniter\View\{closure}()
 4 SYSTEMPATH\View\View.php(484): CodeIgniter\View\View->render('partials/footer', null, true)
 5 APPPATH\Views\master.php(29): CodeIgniter\View\View->include('partials/footer')
 6 SYSTEMPATH\View\View.php(234): include('C:\\xampp\\htdocs\\zero\\app\\Views\\master.php')
 7 SYSTEMPATH\View\View.php(237): CodeIgniter\View\View->CodeIgniter\View\{closure}()
 8 SYSTEMPATH\View\View.php(250): CodeIgniter\View\View->render('master', [], true)
 9 SYSTEMPATH\Common.php(1171): CodeIgniter\View\View->render('pagina_inicial', [], true)
10 APPPATH\Controllers\Home.php(9): view('pagina_inicial')
11 SYSTEMPATH\CodeIgniter.php(933): App\Controllers\Home->index()
12 SYSTEMPATH\CodeIgniter.php(509): CodeIgniter\CodeIgniter->runController(Object(App\Controllers\Home))
13 SYSTEMPATH\CodeIgniter.php(355): CodeIgniter\CodeIgniter->handleRequest(null, Object(Config\Cache), false)
14 SYSTEMPATH\Boot.php(312): CodeIgniter\CodeIgniter->run()
15 SYSTEMPATH\Boot.php(67): CodeIgniter\Boot::runCodeIgniter(Object(CodeIgniter\CodeIgniter))
16 FCPATH\index.php(56): CodeIgniter\Boot::bootWeb(Object(Config\Paths))
CRITICAL - 2024-07-09 14:18:46 --> RuntimeException: View themes, no current section.
[Method: GET, Route: /]
in SYSTEMPATH\View\View.php on line 440.
 1 APPPATH\Views\partials\footer.php(16): CodeIgniter\View\View->endSection('content')
 2 SYSTEMPATH\View\View.php(234): include('C:\\xampp\\htdocs\\zero\\app\\Views\\partials\\footer.php')
 3 SYSTEMPATH\View\View.php(237): CodeIgniter\View\View->CodeIgniter\View\{closure}()
 4 SYSTEMPATH\View\View.php(484): CodeIgniter\View\View->render('partials/footer', null, true)
 5 APPPATH\Views\master.php(29): CodeIgniter\View\View->include('partials/footer')
 6 SYSTEMPATH\View\View.php(234): include('C:\\xampp\\htdocs\\zero\\app\\Views\\master.php')
 7 SYSTEMPATH\View\View.php(237): CodeIgniter\View\View->CodeIgniter\View\{closure}()
 8 SYSTEMPATH\View\View.php(250): CodeIgniter\View\View->render('master', [], true)
 9 SYSTEMPATH\Common.php(1171): CodeIgniter\View\View->render('pagina_inicial', [], true)
10 APPPATH\Controllers\Home.php(9): view('pagina_inicial')
11 SYSTEMPATH\CodeIgniter.php(933): App\Controllers\Home->index()
12 SYSTEMPATH\CodeIgniter.php(509): CodeIgniter\CodeIgniter->runController(Object(App\Controllers\Home))
13 SYSTEMPATH\CodeIgniter.php(355): CodeIgniter\CodeIgniter->handleRequest(null, Object(Config\Cache), false)
14 SYSTEMPATH\Boot.php(312): CodeIgniter\CodeIgniter->run()
15 SYSTEMPATH\Boot.php(67): CodeIgniter\Boot::runCodeIgniter(Object(CodeIgniter\CodeIgniter))
16 FCPATH\index.php(56): CodeIgniter\Boot::bootWeb(Object(Config\Paths))
CRITICAL - 2024-07-09 14:18:47 --> RuntimeException: View themes, no current section.
[Method: GET, Route: /]
in SYSTEMPATH\View\View.php on line 440.
 1 APPPATH\Views\partials\footer.php(16): CodeIgniter\View\View->endSection('content')
 2 SYSTEMPATH\View\View.php(234): include('C:\\xampp\\htdocs\\zero\\app\\Views\\partials\\footer.php')
 3 SYSTEMPATH\View\View.php(237): CodeIgniter\View\View->CodeIgniter\View\{closure}()
 4 SYSTEMPATH\View\View.php(484): CodeIgniter\View\View->render('partials/footer', null, true)
 5 APPPATH\Views\master.php(29): CodeIgniter\View\View->include('partials/footer')
 6 SYSTEMPATH\View\View.php(234): include('C:\\xampp\\htdocs\\zero\\app\\Views\\master.php')
 7 SYSTEMPATH\View\View.php(237): CodeIgniter\View\View->CodeIgniter\View\{closure}()
 8 SYSTEMPATH\View\View.php(250): CodeIgniter\View\View->render('master', [], true)
 9 SYSTEMPATH\Common.php(1171): CodeIgniter\View\View->render('pagina_inicial', [], true)
10 APPPATH\Controllers\Home.php(9): view('pagina_inicial')
11 SYSTEMPATH\CodeIgniter.php(933): App\Controllers\Home->index()
12 SYSTEMPATH\CodeIgniter.php(509): CodeIgniter\CodeIgniter->runController(Object(App\Controllers\Home))
13 SYSTEMPATH\CodeIgniter.php(355): CodeIgniter\CodeIgniter->handleRequest(null, Object(Config\Cache), false)
14 SYSTEMPATH\Boot.php(312): CodeIgniter\CodeIgniter->run()
15 SYSTEMPATH\Boot.php(67): CodeIgniter\Boot::runCodeIgniter(Object(CodeIgniter\CodeIgniter))
16 FCPATH\index.php(56): CodeIgniter\Boot::bootWeb(Object(Config\Paths))
CRITICAL - 2024-07-09 14:18:47 --> RuntimeException: View themes, no current section.
[Method: GET, Route: /]
in SYSTEMPATH\View\View.php on line 440.
 1 APPPATH\Views\partials\footer.php(16): CodeIgniter\View\View->endSection('content')
 2 SYSTEMPATH\View\View.php(234): include('C:\\xampp\\htdocs\\zero\\app\\Views\\partials\\footer.php')
 3 SYSTEMPATH\View\View.php(237): CodeIgniter\View\View->CodeIgniter\View\{closure}()
 4 SYSTEMPATH\View\View.php(484): CodeIgniter\View\View->render('partials/footer', null, true)
 5 APPPATH\Views\master.php(29): CodeIgniter\View\View->include('partials/footer')
 6 SYSTEMPATH\View\View.php(234): include('C:\\xampp\\htdocs\\zero\\app\\Views\\master.php')
 7 SYSTEMPATH\View\View.php(237): CodeIgniter\View\View->CodeIgniter\View\{closure}()
 8 SYSTEMPATH\View\View.php(250): CodeIgniter\View\View->render('master', [], true)
 9 SYSTEMPATH\Common.php(1171): CodeIgniter\View\View->render('pagina_inicial', [], true)
10 APPPATH\Controllers\Home.php(9): view('pagina_inicial')
11 SYSTEMPATH\CodeIgniter.php(933): App\Controllers\Home->index()
12 SYSTEMPATH\CodeIgniter.php(509): CodeIgniter\CodeIgniter->runController(Object(App\Controllers\Home))
13 SYSTEMPATH\CodeIgniter.php(355): CodeIgniter\CodeIgniter->handleRequest(null, Object(Config\Cache), false)
14 SYSTEMPATH\Boot.php(312): CodeIgniter\CodeIgniter->run()
15 SYSTEMPATH\Boot.php(67): CodeIgniter\Boot::runCodeIgniter(Object(CodeIgniter\CodeIgniter))
16 FCPATH\index.php(56): CodeIgniter\Boot::bootWeb(Object(Config\Paths))
CRITICAL - 2024-07-09 14:20:52 --> RuntimeException: View themes, no current section.
[Method: GET, Route: /]
in SYSTEMPATH\View\View.php on line 440.
 1 APPPATH\Views\partials\footer.php(16): CodeIgniter\View\View->endSection('content')
 2 SYSTEMPATH\View\View.php(234): include('C:\\xampp\\htdocs\\zero\\app\\Views\\partials\\footer.php')
 3 SYSTEMPATH\View\View.php(237): CodeIgniter\View\View->CodeIgniter\View\{closure}()
 4 SYSTEMPATH\View\View.php(484): CodeIgniter\View\View->render('partials/footer', null, true)
 5 APPPATH\Views\master.php(29): CodeIgniter\View\View->include('partials/footer')
 6 SYSTEMPATH\View\View.php(234): include('C:\\xampp\\htdocs\\zero\\app\\Views\\master.php')
 7 SYSTEMPATH\View\View.php(237): CodeIgniter\View\View->CodeIgniter\View\{closure}()
 8 SYSTEMPATH\View\View.php(250): CodeIgniter\View\View->render('master', [], true)
 9 SYSTEMPATH\Common.php(1171): CodeIgniter\View\View->render('apresentacao', [], true)
10 APPPATH\Controllers\Home.php(9): view('apresentacao')
11 SYSTEMPATH\CodeIgniter.php(933): App\Controllers\Home->index()
12 SYSTEMPATH\CodeIgniter.php(509): CodeIgniter\CodeIgniter->runController(Object(App\Controllers\Home))
13 SYSTEMPATH\CodeIgniter.php(355): CodeIgniter\CodeIgniter->handleRequest(null, Object(Config\Cache), false)
14 SYSTEMPATH\Boot.php(312): CodeIgniter\CodeIgniter->run()
15 SYSTEMPATH\Boot.php(67): CodeIgniter\Boot::runCodeIgniter(Object(CodeIgniter\CodeIgniter))
16 FCPATH\index.php(56): CodeIgniter\Boot::bootWeb(Object(Config\Paths))
CRITICAL - 2024-07-09 14:20:52 --> RuntimeException: View themes, no current section.
[Method: GET, Route: /]
in SYSTEMPATH\View\View.php on line 440.
 1 APPPATH\Views\partials\footer.php(16): CodeIgniter\View\View->endSection('content')
 2 SYSTEMPATH\View\View.php(234): include('C:\\xampp\\htdocs\\zero\\app\\Views\\partials\\footer.php')
 3 SYSTEMPATH\View\View.php(237): CodeIgniter\View\View->CodeIgniter\View\{closure}()
 4 SYSTEMPATH\View\View.php(484): CodeIgniter\View\View->render('partials/footer', null, true)
 5 APPPATH\Views\master.php(29): CodeIgniter\View\View->include('partials/footer')
 6 SYSTEMPATH\View\View.php(234): include('C:\\xampp\\htdocs\\zero\\app\\Views\\master.php')
 7 SYSTEMPATH\View\View.php(237): CodeIgniter\View\View->CodeIgniter\View\{closure}()
 8 SYSTEMPATH\View\View.php(250): CodeIgniter\View\View->render('master', [], true)
 9 SYSTEMPATH\Common.php(1171): CodeIgniter\View\View->render('apresentacao', [], true)
10 APPPATH\Controllers\Home.php(9): view('apresentacao')
11 SYSTEMPATH\CodeIgniter.php(933): App\Controllers\Home->index()
12 SYSTEMPATH\CodeIgniter.php(509): CodeIgniter\CodeIgniter->runController(Object(App\Controllers\Home))
13 SYSTEMPATH\CodeIgniter.php(355): CodeIgniter\CodeIgniter->handleRequest(null, Object(Config\Cache), false)
14 SYSTEMPATH\Boot.php(312): CodeIgniter\CodeIgniter->run()
15 SYSTEMPATH\Boot.php(67): CodeIgniter\Boot::runCodeIgniter(Object(CodeIgniter\CodeIgniter))
16 FCPATH\index.php(56): CodeIgniter\Boot::bootWeb(Object(Config\Paths))
CRITICAL - 2024-07-09 14:20:52 --> RuntimeException: View themes, no current section.
[Method: GET, Route: /]
in SYSTEMPATH\View\View.php on line 440.
 1 APPPATH\Views\partials\footer.php(16): CodeIgniter\View\View->endSection('content')
 2 SYSTEMPATH\View\View.php(234): include('C:\\xampp\\htdocs\\zero\\app\\Views\\partials\\footer.php')
 3 SYSTEMPATH\View\View.php(237): CodeIgniter\View\View->CodeIgniter\View\{closure}()
 4 SYSTEMPATH\View\View.php(484): CodeIgniter\View\View->render('partials/footer', null, true)
 5 APPPATH\Views\master.php(29): CodeIgniter\View\View->include('partials/footer')
 6 SYSTEMPATH\View\View.php(234): include('C:\\xampp\\htdocs\\zero\\app\\Views\\master.php')
 7 SYSTEMPATH\View\View.php(237): CodeIgniter\View\View->CodeIgniter\View\{closure}()
 8 SYSTEMPATH\View\View.php(250): CodeIgniter\View\View->render('master', [], true)
 9 SYSTEMPATH\Common.php(1171): CodeIgniter\View\View->render('apresentacao', [], true)
10 APPPATH\Controllers\Home.php(9): view('apresentacao')
11 SYSTEMPATH\CodeIgniter.php(933): App\Controllers\Home->index()
12 SYSTEMPATH\CodeIgniter.php(509): CodeIgniter\CodeIgniter->runController(Object(App\Controllers\Home))
13 SYSTEMPATH\CodeIgniter.php(355): CodeIgniter\CodeIgniter->handleRequest(null, Object(Config\Cache), false)
14 SYSTEMPATH\Boot.php(312): CodeIgniter\CodeIgniter->run()
15 SYSTEMPATH\Boot.php(67): CodeIgniter\Boot::runCodeIgniter(Object(CodeIgniter\CodeIgniter))
16 FCPATH\index.php(56): CodeIgniter\Boot::bootWeb(Object(Config\Paths))
CRITICAL - 2024-07-09 14:20:52 --> RuntimeException: View themes, no current section.
[Method: GET, Route: /]
in SYSTEMPATH\View\View.php on line 440.
 1 APPPATH\Views\partials\footer.php(16): CodeIgniter\View\View->endSection('content')
 2 SYSTEMPATH\View\View.php(234): include('C:\\xampp\\htdocs\\zero\\app\\Views\\partials\\footer.php')
 3 SYSTEMPATH\View\View.php(237): CodeIgniter\View\View->CodeIgniter\View\{closure}()
 4 SYSTEMPATH\View\View.php(484): CodeIgniter\View\View->render('partials/footer', null, true)
 5 APPPATH\Views\master.php(29): CodeIgniter\View\View->include('partials/footer')
 6 SYSTEMPATH\View\View.php(234): include('C:\\xampp\\htdocs\\zero\\app\\Views\\master.php')
 7 SYSTEMPATH\View\View.php(237): CodeIgniter\View\View->CodeIgniter\View\{closure}()
 8 SYSTEMPATH\View\View.php(250): CodeIgniter\View\View->render('master', [], true)
 9 SYSTEMPATH\Common.php(1171): CodeIgniter\View\View->render('apresentacao', [], true)
10 APPPATH\Controllers\Home.php(9): view('apresentacao')
11 SYSTEMPATH\CodeIgniter.php(933): App\Controllers\Home->index()
12 SYSTEMPATH\CodeIgniter.php(509): CodeIgniter\CodeIgniter->runController(Object(App\Controllers\Home))
13 SYSTEMPATH\CodeIgniter.php(355): CodeIgniter\CodeIgniter->handleRequest(null, Object(Config\Cache), false)
14 SYSTEMPATH\Boot.php(312): CodeIgniter\CodeIgniter->run()
15 SYSTEMPATH\Boot.php(67): CodeIgniter\Boot::runCodeIgniter(Object(CodeIgniter\CodeIgniter))
16 FCPATH\index.php(56): CodeIgniter\Boot::bootWeb(Object(Config\Paths))
CRITICAL - 2024-07-09 14:21:09 --> RuntimeException: View themes, no current section.
[Method: GET, Route: /]
in SYSTEMPATH\View\View.php on line 440.
 1 APPPATH\Views\partials\footer.php(16): CodeIgniter\View\View->endSection('content')
 2 SYSTEMPATH\View\View.php(234): include('C:\\xampp\\htdocs\\zero\\app\\Views\\partials\\footer.php')
 3 SYSTEMPATH\View\View.php(237): CodeIgniter\View\View->CodeIgniter\View\{closure}()
 4 SYSTEMPATH\View\View.php(484): CodeIgniter\View\View->render('partials/footer', null, true)
 5 APPPATH\Views\master.php(29): CodeIgniter\View\View->include('partials/footer')
 6 SYSTEMPATH\View\View.php(234): include('C:\\xampp\\htdocs\\zero\\app\\Views\\master.php')
 7 SYSTEMPATH\View\View.php(237): CodeIgniter\View\View->CodeIgniter\View\{closure}()
 8 SYSTEMPATH\View\View.php(250): CodeIgniter\View\View->render('master', [], true)
 9 SYSTEMPATH\Common.php(1171): CodeIgniter\View\View->render('pagina_inicial', [], true)
10 APPPATH\Controllers\Home.php(9): view('pagina_inicial')
11 SYSTEMPATH\CodeIgniter.php(933): App\Controllers\Home->index()
12 SYSTEMPATH\CodeIgniter.php(509): CodeIgniter\CodeIgniter->runController(Object(App\Controllers\Home))
13 SYSTEMPATH\CodeIgniter.php(355): CodeIgniter\CodeIgniter->handleRequest(null, Object(Config\Cache), false)
14 SYSTEMPATH\Boot.php(312): CodeIgniter\CodeIgniter->run()
15 SYSTEMPATH\Boot.php(67): CodeIgniter\Boot::runCodeIgniter(Object(CodeIgniter\CodeIgniter))
16 FCPATH\index.php(56): CodeIgniter\Boot::bootWeb(Object(Config\Paths))
CRITICAL - 2024-07-09 14:21:58 --> RuntimeException: View themes, no current section.
[Method: GET, Route: /]
in SYSTEMPATH\View\View.php on line 440.
 1 APPPATH\Views\partials\footer.php(16): CodeIgniter\View\View->endSection('content')
 2 SYSTEMPATH\View\View.php(234): include('C:\\xampp\\htdocs\\zero\\app\\Views\\partials\\footer.php')
 3 SYSTEMPATH\View\View.php(237): CodeIgniter\View\View->CodeIgniter\View\{closure}()
 4 SYSTEMPATH\View\View.php(484): CodeIgniter\View\View->render('partials/footer', null, true)
 5 APPPATH\Views\master.php(29): CodeIgniter\View\View->include('partials/footer')
 6 SYSTEMPATH\View\View.php(234): include('C:\\xampp\\htdocs\\zero\\app\\Views\\master.php')
 7 SYSTEMPATH\View\View.php(237): CodeIgniter\View\View->CodeIgniter\View\{closure}()
 8 SYSTEMPATH\View\View.php(250): CodeIgniter\View\View->render('master', [], true)
 9 SYSTEMPATH\Common.php(1171): CodeIgniter\View\View->render('pagina_inicial', [], true)
10 APPPATH\Controllers\Home.php(9): view('pagina_inicial')
11 SYSTEMPATH\CodeIgniter.php(933): App\Controllers\Home->index()
12 SYSTEMPATH\CodeIgniter.php(509): CodeIgniter\CodeIgniter->runController(Object(App\Controllers\Home))
13 SYSTEMPATH\CodeIgniter.php(355): CodeIgniter\CodeIgniter->handleRequest(null, Object(Config\Cache), false)
14 SYSTEMPATH\Boot.php(312): CodeIgniter\CodeIgniter->run()
15 SYSTEMPATH\Boot.php(67): CodeIgniter\Boot::runCodeIgniter(Object(CodeIgniter\CodeIgniter))
16 FCPATH\index.php(56): CodeIgniter\Boot::bootWeb(Object(Config\Paths))
CRITICAL - 2024-07-09 14:24:01 --> RuntimeException: View themes, no current section.
[Method: GET, Route: /]
in SYSTEMPATH\View\View.php on line 440.
 1 APPPATH\Views\partials\footer.php(16): CodeIgniter\View\View->endSection('content')
 2 SYSTEMPATH\View\View.php(234): include('C:\\xampp\\htdocs\\zero\\app\\Views\\partials\\footer.php')
 3 SYSTEMPATH\View\View.php(237): CodeIgniter\View\View->CodeIgniter\View\{closure}()
 4 SYSTEMPATH\View\View.php(484): CodeIgniter\View\View->render('partials/footer', null, true)
 5 APPPATH\Views\master.php(29): CodeIgniter\View\View->include('partials/footer')
 6 SYSTEMPATH\View\View.php(234): include('C:\\xampp\\htdocs\\zero\\app\\Views\\master.php')
 7 SYSTEMPATH\View\View.php(237): CodeIgniter\View\View->CodeIgniter\View\{closure}()
 8 SYSTEMPATH\View\View.php(250): CodeIgniter\View\View->render('master', [], true)
 9 SYSTEMPATH\Common.php(1171): CodeIgniter\View\View->render('pagina_inicial', [], true)
10 APPPATH\Controllers\Home.php(9): view('pagina_inicial')
11 SYSTEMPATH\CodeIgniter.php(933): App\Controllers\Home->index()
12 SYSTEMPATH\CodeIgniter.php(509): CodeIgniter\CodeIgniter->runController(Object(App\Controllers\Home))
13 SYSTEMPATH\CodeIgniter.php(355): CodeIgniter\CodeIgniter->handleRequest(null, Object(Config\Cache), false)
14 SYSTEMPATH\Boot.php(312): CodeIgniter\CodeIgniter->run()
15 SYSTEMPATH\Boot.php(67): CodeIgniter\Boot::runCodeIgniter(Object(CodeIgniter\CodeIgniter))
16 FCPATH\index.php(56): CodeIgniter\Boot::bootWeb(Object(Config\Paths))
CRITICAL - 2024-07-09 14:26:24 --> RuntimeException: View themes, no current section.
[Method: GET, Route: /]
in SYSTEMPATH\View\View.php on line 440.
 1 APPPATH\Views\partials\footer.php(16): CodeIgniter\View\View->endSection('content')
 2 SYSTEMPATH\View\View.php(234): include('C:\\xampp\\htdocs\\zero\\app\\Views\\partials\\footer.php')
 3 SYSTEMPATH\View\View.php(237): CodeIgniter\View\View->CodeIgniter\View\{closure}()
 4 SYSTEMPATH\View\View.php(484): CodeIgniter\View\View->render('partials/footer', null, true)
 5 APPPATH\Views\master.php(29): CodeIgniter\View\View->include('partials/footer')
 6 SYSTEMPATH\View\View.php(234): include('C:\\xampp\\htdocs\\zero\\app\\Views\\master.php')
 7 SYSTEMPATH\View\View.php(237): CodeIgniter\View\View->CodeIgniter\View\{closure}()
 8 SYSTEMPATH\View\View.php(250): CodeIgniter\View\View->render('master', [], true)
 9 SYSTEMPATH\Common.php(1171): CodeIgniter\View\View->render('pagina_inicial', [], true)
10 APPPATH\Controllers\Home.php(9): view('pagina_inicial')
11 SYSTEMPATH\CodeIgniter.php(933): App\Controllers\Home->index()
12 SYSTEMPATH\CodeIgniter.php(509): CodeIgniter\CodeIgniter->runController(Object(App\Controllers\Home))
13 SYSTEMPATH\CodeIgniter.php(355): CodeIgniter\CodeIgniter->handleRequest(null, Object(Config\Cache), false)
14 SYSTEMPATH\Boot.php(312): CodeIgniter\CodeIgniter->run()
15 SYSTEMPATH\Boot.php(67): CodeIgniter\Boot::runCodeIgniter(Object(CodeIgniter\CodeIgniter))
16 FCPATH\index.php(56): CodeIgniter\Boot::bootWeb(Object(Config\Paths))
